0 info it worked if it ends with ok
1 verbose cli [ 'C:\\Users\\Pro\\node.exe',
1 verbose cli   'C:\\Users\\Pro\\node_modules\\npm\\bin\\npm-cli.js',
1 verbose cli   'install' ]
2 info using npm@3.10.10
3 info using node@v6.11.4
4 silly loadCurrentTree Starting
5 silly install loadCurrentTree
6 silly install readLocalPackageData
7 silly install normalizeTree
8 silly loadCurrentTree Finishing
9 silly loadIdealTree Starting
10 silly install loadIdealTree
11 silly cloneCurrentTree Starting
12 silly install cloneCurrentTreeToIdealTree
13 silly cloneCurrentTree Finishing
14 silly loadShrinkwrap Starting
15 silly install loadShrinkwrap
16 silly loadShrinkwrap Finishing
17 silly loadAllDepsIntoIdealTree Starting
18 silly install loadAllDepsIntoIdealTree
19 silly fetchNamedPackageData bcrypt
20 silly mapToRegistry name bcrypt
21 silly mapToRegistry using default registry
22 silly mapToRegistry registry https://registry.npmjs.org/
23 silly mapToRegistry data Result {
23 silly mapToRegistry   raw: 'bcrypt',
23 silly mapToRegistry   scope: null,
23 silly mapToRegistry   escapedName: 'bcrypt',
23 silly mapToRegistry   name: 'bcrypt',
23 silly mapToRegistry   rawSpec: '',
23 silly mapToRegistry   spec: 'latest',
23 silly mapToRegistry   type: 'tag' }
24 silly mapToRegistry uri https://registry.npmjs.org/bcrypt
25 silly fetchNamedPackageData multer-gridfs-storage
26 silly mapToRegistry name multer-gridfs-storage
27 silly mapToRegistry using default registry
28 silly mapToRegistry registry https://registry.npmjs.org/
29 silly mapToRegistry data Result {
29 silly mapToRegistry   raw: 'multer-gridfs-storage',
29 silly mapToRegistry   scope: null,
29 silly mapToRegistry   escapedName: 'multer-gridfs-storage',
29 silly mapToRegistry   name: 'multer-gridfs-storage',
29 silly mapToRegistry   rawSpec: '',
29 silly mapToRegistry   spec: 'latest',
29 silly mapToRegistry   type: 'tag' }
30 silly mapToRegistry uri https://registry.npmjs.org/multer-gridfs-storage
31 verbose request uri https://registry.npmjs.org/multer-gridfs-storage
32 verbose request no auth needed
33 info attempt registry request try #1 at 5:19:02 PM
34 verbose request id c37b560ab9378ab6
35 http request GET https://registry.npmjs.org/multer-gridfs-storage
36 verbose request uri https://registry.npmjs.org/bcrypt
37 verbose request no auth needed
38 info attempt registry request try #1 at 5:19:03 PM
39 verbose etag "5ac8e586-1a120"
40 verbose lastModified Sat, 7 Apr 2018 15:36:38 GMT
41 http request GET https://registry.npmjs.org/bcrypt
42 http 304 https://registry.npmjs.org/bcrypt
43 verbose headers { date: 'Fri, 20 Apr 2018 11:49:07 GMT',
43 verbose headers   via: '1.1 varnish',
43 verbose headers   'cache-control': 'max-age=300',
43 verbose headers   etag: '"5ac8e586-1a120"',
43 verbose headers   age: '12983',
43 verbose headers   connection: 'keep-alive',
43 verbose headers   'x-served-by': 'cache-bom18220-BOM',
43 verbose headers   'x-cache': 'HIT',
43 verbose headers   'x-cache-hits': '9',
43 verbose headers   'x-timer': 'S1524224947.145364,VS0,VE0',
43 verbose headers   vary: 'Accept-Encoding, Accept' }
44 silly get cb [ 304,
44 silly get   { date: 'Fri, 20 Apr 2018 11:49:07 GMT',
44 silly get     via: '1.1 varnish',
44 silly get     'cache-control': 'max-age=300',
44 silly get     etag: '"5ac8e586-1a120"',
44 silly get     age: '12983',
44 silly get     connection: 'keep-alive',
44 silly get     'x-served-by': 'cache-bom18220-BOM',
44 silly get     'x-cache': 'HIT',
44 silly get     'x-cache-hits': '9',
44 silly get     'x-timer': 'S1524224947.145364,VS0,VE0',
44 silly get     vary: 'Accept-Encoding, Accept' } ]
45 verbose etag https://registry.npmjs.org/bcrypt from cache
46 verbose get saving bcrypt to C:\Users\Pro\AppData\Roaming\npm-cache\registry.npmjs.org\bcrypt\.cache.json
47 verbose correctMkdir C:\Users\Pro\AppData\Roaming\npm-cache correctMkdir not in flight; initializing
48 silly resolveWithNewModule bcrypt@0.8.7 checking installable status
49 silly cache add args [ 'bcrypt@^0.8.5', null ]
50 verbose cache add spec bcrypt@^0.8.5
51 silly cache add parsed spec Result {
51 silly cache add   raw: 'bcrypt@^0.8.5',
51 silly cache add   scope: null,
51 silly cache add   escapedName: 'bcrypt',
51 silly cache add   name: 'bcrypt',
51 silly cache add   rawSpec: '^0.8.5',
51 silly cache add   spec: '>=0.8.5 <0.9.0',
51 silly cache add   type: 'range' }
52 silly addNamed bcrypt@>=0.8.5 <0.9.0
53 verbose addNamed ">=0.8.5 <0.9.0" is a valid semver range for bcrypt
54 silly addNameRange { name: 'bcrypt', range: '>=0.8.5 <0.9.0', hasData: false }
55 silly mapToRegistry name bcrypt
56 silly mapToRegistry using default registry
57 silly mapToRegistry registry https://registry.npmjs.org/
58 silly mapToRegistry data Result {
58 silly mapToRegistry   raw: 'bcrypt',
58 silly mapToRegistry   scope: null,
58 silly mapToRegistry   escapedName: 'bcrypt',
58 silly mapToRegistry   name: 'bcrypt',
58 silly mapToRegistry   rawSpec: '',
58 silly mapToRegistry   spec: 'latest',
58 silly mapToRegistry   type: 'tag' }
59 silly mapToRegistry uri https://registry.npmjs.org/bcrypt
60 verbose addNameRange registry:https://registry.npmjs.org/bcrypt not in flight; fetching
61 verbose get https://registry.npmjs.org/bcrypt not expired, no request
62 silly addNameRange number 2 { name: 'bcrypt', range: '>=0.8.5 <0.9.0', hasData: true }
63 silly addNameRange versions [ 'bcrypt',
63 silly addNameRange   [ '0.1.2',
63 silly addNameRange     '0.2.0',
63 silly addNameRange     '0.2.1',
63 silly addNameRange     '0.1.3',
63 silly addNameRange     '0.2.2',
63 silly addNameRange     '0.2.3',
63 silly addNameRange     '0.2.4',
63 silly addNameRange     '0.3.0',
63 silly addNameRange     '0.3.1',
63 silly addNameRange     '0.3.2',
63 silly addNameRange     '0.4.0',
63 silly addNameRange     '0.4.1',
63 silly addNameRange     '0.5.0',
63 silly addNameRange     '0.6.0',
63 silly addNameRange     '0.7.0',
63 silly addNameRange     '0.7.1',
63 silly addNameRange     '0.7.2',
63 silly addNameRange     '0.7.3',
63 silly addNameRange     '0.7.4',
63 silly addNameRange     '0.7.5',
63 silly addNameRange     '0.7.6',
63 silly addNameRange     '0.7.7',
63 silly addNameRange     '0.7.8',
63 silly addNameRange     '0.8.0',
63 silly addNameRange     '0.8.1',
63 silly addNameRange     '0.8.2',
63 silly addNameRange     '0.8.3',
63 silly addNameRange     '0.8.4',
63 silly addNameRange     '0.8.5',
63 silly addNameRange     '0.8.6',
63 silly addNameRange     '0.8.7',
63 silly addNameRange     '1.0.0',
63 silly addNameRange     '1.0.1',
63 silly addNameRange     '1.0.2',
63 silly addNameRange     '1.0.3',
63 silly addNameRange     '1.1.0-napi',
63 silly addNameRange     '2.0.0' ] ]
64 silly addNamed bcrypt@0.8.7
65 verbose addNamed "0.8.7" is a plain semver version for bcrypt
66 silly cache afterAdd bcrypt@0.8.7
67 verbose afterAdd C:\Users\Pro\AppData\Roaming\npm-cache\bcrypt\0.8.7\package\package.json not in flight; writing
68 verbose correctMkdir C:\Users\Pro\AppData\Roaming\npm-cache correctMkdir not in flight; initializing
69 verbose afterAdd C:\Users\Pro\AppData\Roaming\npm-cache\bcrypt\0.8.7\package\package.json written
70 http 200 https://registry.npmjs.org/multer-gridfs-storage
71 verbose headers { 'content-type': 'application/json; charset=UTF-8',
71 verbose headers   server: 'UploadServer',
71 verbose headers   'cache-control': 'max-age=300',
71 verbose headers   'last-modified': 'Sat, 24 Mar 2018 16:33:07 GMT',
71 verbose headers   etag: '"5ab67dc3-ae3f"',
71 verbose headers   'x-npm-region': 'Asia-South',
71 verbose headers   'content-encoding': 'gzip',
71 verbose headers   'content-length': '8240',
71 verbose headers   'accept-ranges': 'bytes',
71 verbose headers   date: 'Fri, 20 Apr 2018 11:49:07 GMT',
71 verbose headers   via: '1.1 varnish',
71 verbose headers   age: '0',
71 verbose headers   connection: 'keep-alive',
71 verbose headers   'x-served-by': 'cache-bom18225-BOM',
71 verbose headers   'x-cache': 'MISS',
71 verbose headers   'x-cache-hits': '0',
71 verbose headers   'x-timer': 'S1524224947.126315,VS0,VE492',
71 verbose headers   vary: 'Accept-Encoding, Accept' }
72 silly get cb [ 200,
72 silly get   { 'content-type': 'application/json; charset=UTF-8',
72 silly get     server: 'UploadServer',
72 silly get     'cache-control': 'max-age=300',
72 silly get     'last-modified': 'Sat, 24 Mar 2018 16:33:07 GMT',
72 silly get     etag: '"5ab67dc3-ae3f"',
72 silly get     'x-npm-region': 'Asia-South',
72 silly get     'content-encoding': 'gzip',
72 silly get     'content-length': '8240',
72 silly get     'accept-ranges': 'bytes',
72 silly get     date: 'Fri, 20 Apr 2018 11:49:07 GMT',
72 silly get     via: '1.1 varnish',
72 silly get     age: '0',
72 silly get     connection: 'keep-alive',
72 silly get     'x-served-by': 'cache-bom18225-BOM',
72 silly get     'x-cache': 'MISS',
72 silly get     'x-cache-hits': '0',
72 silly get     'x-timer': 'S1524224947.126315,VS0,VE492',
72 silly get     vary: 'Accept-Encoding, Accept' } ]
73 verbose get saving multer-gridfs-storage to C:\Users\Pro\AppData\Roaming\npm-cache\registry.npmjs.org\multer-gridfs-storage\.cache.json
74 verbose correctMkdir C:\Users\Pro\AppData\Roaming\npm-cache correctMkdir not in flight; initializing
75 silly resolveWithNewModule multer-gridfs-storage@1.0.0 checking installable status
76 silly cache add args [ 'multer-gridfs-storage@1.0.0', null ]
77 verbose cache add spec multer-gridfs-storage@1.0.0
78 silly cache add parsed spec Result {
78 silly cache add   raw: 'multer-gridfs-storage@1.0.0',
78 silly cache add   scope: null,
78 silly cache add   escapedName: 'multer-gridfs-storage',
78 silly cache add   name: 'multer-gridfs-storage',
78 silly cache add   rawSpec: '1.0.0',
78 silly cache add   spec: '1.0.0',
78 silly cache add   type: 'version' }
79 silly addNamed multer-gridfs-storage@1.0.0
80 verbose addNamed "1.0.0" is a plain semver version for multer-gridfs-storage
81 silly mapToRegistry name multer-gridfs-storage
82 silly mapToRegistry using default registry
83 silly mapToRegistry registry https://registry.npmjs.org/
84 silly mapToRegistry data Result {
84 silly mapToRegistry   raw: 'multer-gridfs-storage',
84 silly mapToRegistry   scope: null,
84 silly mapToRegistry   escapedName: 'multer-gridfs-storage',
84 silly mapToRegistry   name: 'multer-gridfs-storage',
84 silly mapToRegistry   rawSpec: '',
84 silly mapToRegistry   spec: 'latest',
84 silly mapToRegistry   type: 'tag' }
85 silly mapToRegistry uri https://registry.npmjs.org/multer-gridfs-storage
86 verbose addNameVersion registry:https://registry.npmjs.org/multer-gridfs-storage not in flight; fetching
87 verbose get https://registry.npmjs.org/multer-gridfs-storage not expired, no request
88 silly mapToRegistry name multer-gridfs-storage
89 silly mapToRegistry using default registry
90 silly mapToRegistry registry https://registry.npmjs.org/
91 silly mapToRegistry data Result {
91 silly mapToRegistry   raw: 'multer-gridfs-storage',
91 silly mapToRegistry   scope: null,
91 silly mapToRegistry   escapedName: 'multer-gridfs-storage',
91 silly mapToRegistry   name: 'multer-gridfs-storage',
91 silly mapToRegistry   rawSpec: '',
91 silly mapToRegistry   spec: 'latest',
91 silly mapToRegistry   type: 'tag' }
92 silly mapToRegistry uri https://registry.npmjs.org/multer-gridfs-storage
93 verbose addRemoteTarball https://registry.npmjs.org/multer-gridfs-storage/-/multer-gridfs-storage-1.0.0.tgz not in flight; adding
94 verbose addRemoteTarball [ 'https://registry.npmjs.org/multer-gridfs-storage/-/multer-gridfs-storage-1.0.0.tgz',
94 verbose addRemoteTarball   'ec71b315b0fd8fbff6cf53adfe923c07bc07d09c' ]
95 info retry fetch attempt 1 at 5:19:04 PM
96 info attempt registry request try #1 at 5:19:04 PM
97 http fetch GET https://registry.npmjs.org/multer-gridfs-storage/-/multer-gridfs-storage-1.0.0.tgz
98 http fetch 200 https://registry.npmjs.org/multer-gridfs-storage/-/multer-gridfs-storage-1.0.0.tgz
99 silly fetchAndShaCheck shasum ec71b315b0fd8fbff6cf53adfe923c07bc07d09c
100 verbose addTmpTarball C:\Users\Pro\AppData\Local\Temp\npm-4828-c531d7ec\registry.npmjs.org\multer-gridfs-storage\-\multer-gridfs-storage-1.0.0.tgz not in flight; adding
101 verbose addTmpTarball already have metadata; skipping unpack for multer-gridfs-storage@1.0.0
102 verbose correctMkdir C:\Users\Pro\AppData\Roaming\npm-cache correctMkdir not in flight; initializing
103 silly cache afterAdd multer-gridfs-storage@1.0.0
104 verbose afterAdd C:\Users\Pro\AppData\Roaming\npm-cache\multer-gridfs-storage\1.0.0\package\package.json not in flight; writing
105 verbose correctMkdir C:\Users\Pro\AppData\Roaming\npm-cache correctMkdir not in flight; initializing
106 verbose afterAdd C:\Users\Pro\AppData\Roaming\npm-cache\multer-gridfs-storage\1.0.0\package\package.json written
107 silly fetchNamedPackageData bindings
108 silly mapToRegistry name bindings
109 silly mapToRegistry using default registry
110 silly mapToRegistry registry https://registry.npmjs.org/
111 silly mapToRegistry data Result {
111 silly mapToRegistry   raw: 'bindings',
111 silly mapToRegistry   scope: null,
111 silly mapToRegistry   escapedName: 'bindings',
111 silly mapToRegistry   name: 'bindings',
111 silly mapToRegistry   rawSpec: '',
111 silly mapToRegistry   spec: 'latest',
111 silly mapToRegistry   type: 'tag' }
112 silly mapToRegistry uri https://registry.npmjs.org/bindings
113 silly fetchNamedPackageData nan
114 silly mapToRegistry name nan
115 silly mapToRegistry using default registry
116 silly mapToRegistry registry https://registry.npmjs.org/
117 silly mapToRegistry data Result {
117 silly mapToRegistry   raw: 'nan',
117 silly mapToRegistry   scope: null,
117 silly mapToRegistry   escapedName: 'nan',
117 silly mapToRegistry   name: 'nan',
117 silly mapToRegistry   rawSpec: '',
117 silly mapToRegistry   spec: 'latest',
117 silly mapToRegistry   type: 'tag' }
118 silly mapToRegistry uri https://registry.npmjs.org/nan
119 verbose request uri https://registry.npmjs.org/bindings
120 verbose request no auth needed
121 info attempt registry request try #1 at 5:19:05 PM
122 verbose etag "5a700cb7-4c53"
123 verbose lastModified Tue, 30 Jan 2018 6:12:07 GMT
124 http request GET https://registry.npmjs.org/bindings
125 verbose request uri https://registry.npmjs.org/nan
126 verbose request no auth needed
127 info attempt registry request try #1 at 5:19:05 PM
128 verbose etag "5aabecc7-229f2"
129 verbose lastModified Fri, 16 Mar 2018 16:11:51 GMT
130 http request GET https://registry.npmjs.org/nan
131 http 304 https://registry.npmjs.org/bindings
132 verbose headers { date: 'Fri, 20 Apr 2018 11:49:08 GMT',
132 verbose headers   via: '1.1 varnish',
132 verbose headers   'cache-control': 'max-age=300',
132 verbose headers   etag: '"5a700cb7-4c53"',
132 verbose headers   age: '13319',
132 verbose headers   connection: 'keep-alive',
132 verbose headers   'x-served-by': 'cache-bom18225-BOM',
132 verbose headers   'x-cache': 'HIT',
132 verbose headers   'x-cache-hits': '20',
132 verbose headers   'x-timer': 'S1524224949.666007,VS0,VE0',
132 verbose headers   vary: 'Accept-Encoding, Accept' }
133 silly get cb [ 304,
133 silly get   { date: 'Fri, 20 Apr 2018 11:49:08 GMT',
133 silly get     via: '1.1 varnish',
133 silly get     'cache-control': 'max-age=300',
133 silly get     etag: '"5a700cb7-4c53"',
133 silly get     age: '13319',
133 silly get     connection: 'keep-alive',
133 silly get     'x-served-by': 'cache-bom18225-BOM',
133 silly get     'x-cache': 'HIT',
133 silly get     'x-cache-hits': '20',
133 silly get     'x-timer': 'S1524224949.666007,VS0,VE0',
133 silly get     vary: 'Accept-Encoding, Accept' } ]
134 verbose etag https://registry.npmjs.org/bindings from cache
135 verbose get saving bindings to C:\Users\Pro\AppData\Roaming\npm-cache\registry.npmjs.org\bindings\.cache.json
136 verbose correctMkdir C:\Users\Pro\AppData\Roaming\npm-cache correctMkdir not in flight; initializing
137 silly resolveWithNewModule bindings@1.2.1 checking installable status
138 silly cache add args [ 'bindings@1.2.1', null ]
139 verbose cache add spec bindings@1.2.1
140 silly cache add parsed spec Result {
140 silly cache add   raw: 'bindings@1.2.1',
140 silly cache add   scope: null,
140 silly cache add   escapedName: 'bindings',
140 silly cache add   name: 'bindings',
140 silly cache add   rawSpec: '1.2.1',
140 silly cache add   spec: '1.2.1',
140 silly cache add   type: 'version' }
141 silly addNamed bindings@1.2.1
142 verbose addNamed "1.2.1" is a plain semver version for bindings
143 silly mapToRegistry name bindings
144 silly mapToRegistry using default registry
145 silly mapToRegistry registry https://registry.npmjs.org/
146 silly mapToRegistry data Result {
146 silly mapToRegistry   raw: 'bindings',
146 silly mapToRegistry   scope: null,
146 silly mapToRegistry   escapedName: 'bindings',
146 silly mapToRegistry   name: 'bindings',
146 silly mapToRegistry   rawSpec: '',
146 silly mapToRegistry   spec: 'latest',
146 silly mapToRegistry   type: 'tag' }
147 silly mapToRegistry uri https://registry.npmjs.org/bindings
148 verbose addNameVersion registry:https://registry.npmjs.org/bindings not in flight; fetching
149 verbose get https://registry.npmjs.org/bindings not expired, no request
150 http 304 https://registry.npmjs.org/nan
151 verbose headers { date: 'Fri, 20 Apr 2018 11:49:08 GMT',
151 verbose headers   via: '1.1 varnish',
151 verbose headers   'cache-control': 'max-age=300',
151 verbose headers   etag: '"5aabecc7-229f2"',
151 verbose headers   age: '339',
151 verbose headers   connection: 'keep-alive',
151 verbose headers   'x-served-by': 'cache-bom18220-BOM',
151 verbose headers   'x-cache': 'HIT',
151 verbose headers   'x-cache-hits': '11',
151 verbose headers   'x-timer': 'S1524224949.690306,VS0,VE0',
151 verbose headers   vary: 'Accept-Encoding, Accept' }
152 silly get cb [ 304,
152 silly get   { date: 'Fri, 20 Apr 2018 11:49:08 GMT',
152 silly get     via: '1.1 varnish',
152 silly get     'cache-control': 'max-age=300',
152 silly get     etag: '"5aabecc7-229f2"',
152 silly get     age: '339',
152 silly get     connection: 'keep-alive',
152 silly get     'x-served-by': 'cache-bom18220-BOM',
152 silly get     'x-cache': 'HIT',
152 silly get     'x-cache-hits': '11',
152 silly get     'x-timer': 'S1524224949.690306,VS0,VE0',
152 silly get     vary: 'Accept-Encoding, Accept' } ]
153 verbose etag https://registry.npmjs.org/nan from cache
154 verbose get saving nan to C:\Users\Pro\AppData\Roaming\npm-cache\registry.npmjs.org\nan\.cache.json
155 verbose correctMkdir C:\Users\Pro\AppData\Roaming\npm-cache correctMkdir not in flight; initializing
156 silly cache afterAdd bindings@1.2.1
157 verbose afterAdd C:\Users\Pro\AppData\Roaming\npm-cache\bindings\1.2.1\package\package.json not in flight; writing
158 verbose correctMkdir C:\Users\Pro\AppData\Roaming\npm-cache correctMkdir not in flight; initializing
159 silly resolveWithNewModule nan@2.3.5 checking installable status
160 silly cache add args [ 'nan@2.3.5', null ]
161 verbose cache add spec nan@2.3.5
162 silly cache add parsed spec Result {
162 silly cache add   raw: 'nan@2.3.5',
162 silly cache add   scope: null,
162 silly cache add   escapedName: 'nan',
162 silly cache add   name: 'nan',
162 silly cache add   rawSpec: '2.3.5',
162 silly cache add   spec: '2.3.5',
162 silly cache add   type: 'version' }
163 silly addNamed nan@2.3.5
164 verbose addNamed "2.3.5" is a plain semver version for nan
165 silly mapToRegistry name nan
166 silly mapToRegistry using default registry
167 silly mapToRegistry registry https://registry.npmjs.org/
168 silly mapToRegistry data Result {
168 silly mapToRegistry   raw: 'nan',
168 silly mapToRegistry   scope: null,
168 silly mapToRegistry   escapedName: 'nan',
168 silly mapToRegistry   name: 'nan',
168 silly mapToRegistry   rawSpec: '',
168 silly mapToRegistry   spec: 'latest',
168 silly mapToRegistry   type: 'tag' }
169 silly mapToRegistry uri https://registry.npmjs.org/nan
170 verbose addNameVersion registry:https://registry.npmjs.org/nan not in flight; fetching
171 verbose afterAdd C:\Users\Pro\AppData\Roaming\npm-cache\bindings\1.2.1\package\package.json written
172 verbose get https://registry.npmjs.org/nan not expired, no request
173 silly cache afterAdd nan@2.3.5
174 verbose afterAdd C:\Users\Pro\AppData\Roaming\npm-cache\nan\2.3.5\package\package.json not in flight; writing
175 verbose correctMkdir C:\Users\Pro\AppData\Roaming\npm-cache correctMkdir not in flight; initializing
176 verbose afterAdd C:\Users\Pro\AppData\Roaming\npm-cache\nan\2.3.5\package\package.json written
177 silly loadAllDepsIntoIdealTree Finishing
178 silly loadIdealTree Finishing
179 silly currentTree sweetProject@1.0.0
179 silly currentTree +-- abbrev@1.1.1
179 silly currentTree +-- accepts@1.3.5
179 silly currentTree +-- acorn-globals@1.0.9
179 silly currentTree +-- acorn@2.7.0
179 silly currentTree +-- ajv@5.5.2
179 silly currentTree +-- align-text@0.1.4
179 silly currentTree +-- amdefine@1.0.1
179 silly currentTree +-- ansi-regex@2.1.1
179 silly currentTree +-- ansi-styles@2.2.1
179 silly currentTree +-- append-field@0.1.0
179 silly currentTree +-- argparse@0.1.16
179 silly currentTree | `-- underscore.string@2.4.0
179 silly currentTree +-- array-differ@1.0.0
179 silly currentTree +-- array-find-index@1.0.2
179 silly currentTree +-- array-flatten@1.1.1
179 silly currentTree +-- array-union@1.0.2
179 silly currentTree +-- array-uniq@1.0.3
179 silly currentTree +-- arrify@1.0.1
179 silly currentTree +-- asap@1.0.0
179 silly currentTree +-- asn1@0.2.3
179 silly currentTree +-- assert-plus@1.0.0
179 silly currentTree +-- async@1.5.2
179 silly currentTree +-- asynckit@0.4.0
179 silly currentTree +-- aws-sign2@0.7.0
179 silly currentTree +-- aws4@1.7.0
179 silly currentTree +-- balanced-match@1.0.0
179 silly currentTree +-- base64url@2.0.0
179 silly currentTree +-- basic-auth@2.0.0
179 silly currentTree +-- bcrypt-nodejs@0.0.3
179 silly currentTree +-- bcrypt-pbkdf@1.0.1
179 silly currentTree +-- bluebird@3.5.0
179 silly currentTree +-- body-parser@1.18.2
179 silly currentTree +-- boom@4.3.1
179 silly currentTree +-- brace-expansion@1.1.11
179 silly currentTree +-- browserify-zlib@0.1.4
179 silly currentTree +-- bson@1.0.6
179 silly currentTree +-- buffer-alloc-unsafe@0.1.1
179 silly currentTree +-- buffer-alloc@1.1.0
179 silly currentTree +-- buffer-equal-constant-time@1.0.1
179 silly currentTree +-- buffer-fill@0.1.1
179 silly currentTree +-- buffer-from@1.0.0
179 silly currentTree +-- buffer-shims@1.0.0
179 silly currentTree +-- builtin-modules@1.1.1
179 silly currentTree +-- busboy@0.2.14
179 silly currentTree | +-- isarray@0.0.1
179 silly currentTree | +-- readable-stream@1.1.14
179 silly currentTree | `-- string_decoder@0.10.31
179 silly currentTree +-- bytes@3.0.0
179 silly currentTree +-- camelcase-keys@2.1.0
179 silly currentTree | `-- camelcase@2.1.1
179 silly currentTree +-- camelcase@1.2.1
179 silly currentTree +-- caseless@0.12.0
179 silly currentTree +-- center-align@0.1.3
179 silly currentTree +-- chalk@1.1.3
179 silly currentTree +-- character-parser@1.2.1
179 silly currentTree +-- clean-css@3.4.28
179 silly currentTree | `-- commander@2.8.1
179 silly currentTree +-- cliui@2.1.0
179 silly currentTree | `-- wordwrap@0.0.2
179 silly currentTree +-- co@4.6.0
179 silly currentTree +-- coffee-script@1.3.3
179 silly currentTree +-- colors@0.6.2
179 silly currentTree +-- combined-stream@1.0.6
179 silly currentTree +-- commander@2.6.0
179 silly currentTree +-- compressible@2.0.13
179 silly currentTree +-- compression@1.7.2
179 silly currentTree +-- concat-map@0.0.1
179 silly currentTree +-- concat-stream@1.6.2
179 silly currentTree +-- constantinople@3.0.2
179 silly currentTree +-- content-disposition@0.5.2
179 silly currentTree +-- content-type@1.0.4
179 silly currentTree +-- cookie-parser@1.4.3
179 silly currentTree +-- cookie-signature@1.0.6
179 silly currentTree +-- cookie@0.3.1
179 silly currentTree +-- core-util-is@1.0.2
179 silly currentTree +-- cors@2.8.4
179 silly currentTree +-- cryptiles@3.1.2
179 silly currentTree | `-- boom@5.2.0
179 silly currentTree +-- css-parse@1.0.4
179 silly currentTree +-- css-stringify@1.0.5
179 silly currentTree +-- css-toggle-switch@4.1.0
179 silly currentTree +-- css@1.0.8
179 silly currentTree +-- currently-unhandled@0.4.1
179 silly currentTree +-- dashdash@1.14.1
179 silly currentTree +-- data-seeder@1.0.3
179 silly currentTree +-- date-time@1.1.0
179 silly currentTree +-- dateformat@1.0.2-1.2.3
179 silly currentTree +-- debug@2.6.9
179 silly currentTree +-- decamelize@1.2.0
179 silly currentTree +-- delayed-stream@1.0.0
179 silly currentTree +-- depd@1.1.2
179 silly currentTree +-- destroy@1.0.4
179 silly currentTree +-- dicer@0.2.5
179 silly currentTree | +-- isarray@0.0.1
179 silly currentTree | +-- readable-stream@1.1.14
179 silly currentTree | `-- string_decoder@0.10.31
179 silly currentTree +-- ecc-jsbn@0.1.1
179 silly currentTree +-- ecdsa-sig-formatter@1.0.9
179 silly currentTree +-- ee-first@1.1.1
179 silly currentTree +-- encodeurl@1.0.2
179 silly currentTree +-- error-ex@1.3.1
179 silly currentTree +-- es6-promise@3.2.1
179 silly currentTree +-- escape-html@1.0.3
179 silly currentTree +-- escape-string-regexp@1.0.5
179 silly currentTree +-- esprima@1.0.4
179 silly currentTree +-- etag@1.8.1
179 silly currentTree +-- eventemitter2@0.4.14
179 silly currentTree +-- exit@0.1.2
179 silly currentTree +-- express-jwt@3.4.0
179 silly currentTree +-- express-unless@0.3.1
179 silly currentTree +-- express@4.16.3
179 silly currentTree | `-- statuses@1.4.0
179 silly currentTree +-- extend@3.0.1
179 silly currentTree +-- extsprintf@1.3.0
179 silly currentTree +-- fast-deep-equal@1.1.0
179 silly currentTree +-- fast-json-stable-stringify@2.0.0
179 silly currentTree +-- faye-websocket@0.4.4
179 silly currentTree +-- figures@1.7.0
179 silly currentTree +-- file-sync-cmp@0.1.1
179 silly currentTree +-- finalhandler@1.1.1
179 silly currentTree | `-- statuses@1.4.0
179 silly currentTree +-- find-up@1.1.2
179 silly currentTree +-- findup-sync@0.1.3
179 silly currentTree | +-- glob@3.2.11
179 silly currentTree | +-- lodash@2.4.2
179 silly currentTree | `-- minimatch@0.3.0
179 silly currentTree +-- flushwritable@1.0.0
179 silly currentTree +-- forever-agent@0.6.1
179 silly currentTree +-- form-data@2.3.2
179 silly currentTree +-- formidable@1.2.1
179 silly currentTree +-- forwarded@0.1.2
179 silly currentTree +-- fresh@0.5.2
179 silly currentTree +-- fs@0.0.2
179 silly currentTree +-- gaze@0.5.2
179 silly currentTree +-- get-stdin@4.0.1
179 silly currentTree +-- getobject@0.1.0
179 silly currentTree +-- getpass@0.1.7
179 silly currentTree +-- glob@5.0.15
179 silly currentTree +-- globule@0.1.0
179 silly currentTree | +-- glob@3.1.21
179 silly currentTree | +-- inherits@1.0.2
179 silly currentTree | +-- lodash@1.0.2
179 silly currentTree | `-- minimatch@0.2.14
179 silly currentTree +-- graceful-fs@1.2.3
179 silly currentTree +-- graceful-readlink@1.0.1
179 silly currentTree +-- gridfs-stream@1.1.1
179 silly currentTree +-- grunt-contrib-copy@0.8.2
179 silly currentTree +-- grunt-contrib-cssmin@0.13.0
179 silly currentTree | +-- clean-css@3.3.10
179 silly currentTree | `-- commander@2.8.1
179 silly currentTree +-- grunt-contrib-uglify@0.9.2
179 silly currentTree | `-- lodash@3.10.1
179 silly currentTree +-- grunt-contrib-watch@0.6.1
179 silly currentTree | +-- async@0.2.10
179 silly currentTree | `-- lodash@2.4.2
179 silly currentTree +-- grunt-develop@0.4.0
179 silly currentTree +-- grunt-legacy-log-utils@0.1.1
179 silly currentTree | +-- lodash@2.4.2
179 silly currentTree | `-- underscore.string@2.3.3
179 silly currentTree +-- grunt-legacy-log@0.1.3
179 silly currentTree | +-- lodash@2.4.2
179 silly currentTree | `-- underscore.string@2.3.3
179 silly currentTree +-- grunt-legacy-util@0.2.0
179 silly currentTree | +-- async@0.1.22
179 silly currentTree | `-- lodash@0.9.2
179 silly currentTree +-- grunt-processhtml@0.3.13
179 silly currentTree | `-- async@0.9.2
179 silly currentTree +-- grunt@0.4.5
179 silly currentTree | +-- async@0.1.22
179 silly currentTree | +-- glob@3.1.21
179 silly currentTree | +-- iconv-lite@0.2.11
179 silly currentTree | +-- inherits@1.0.2
179 silly currentTree | +-- lodash@0.9.2
179 silly currentTree | `-- minimatch@0.2.14
179 silly currentTree +-- gzip-size@1.0.0
179 silly currentTree +-- har-schema@2.0.0
179 silly currentTree +-- har-validator@5.0.3
179 silly currentTree +-- has-ansi@2.0.0
179 silly currentTree +-- hawk@6.0.2
179 silly currentTree +-- hoek@4.2.1
179 silly currentTree +-- hooker@0.2.3
179 silly currentTree +-- hooks-fixed@2.0.2
179 silly currentTree +-- hosted-git-info@2.6.0
179 silly currentTree +-- htmlprocessor@0.2.3
179 silly currentTree | `-- lodash@2.4.2
179 silly currentTree +-- http-errors@1.6.3
179 silly currentTree +-- http-signature@1.2.0
179 silly currentTree +-- iconv-lite@0.4.19
179 silly currentTree +-- indent-string@2.1.0
179 silly currentTree +-- inflight@1.0.6
179 silly currentTree +-- inherits@2.0.3
179 silly currentTree +-- ipaddr.js@1.6.0
179 silly currentTree +-- is-arrayish@0.2.1
179 silly currentTree +-- is-buffer@1.1.6
179 silly currentTree +-- is-builtin-module@1.0.0
179 silly currentTree +-- is-finite@1.0.2
179 silly currentTree +-- is-promise@2.1.0
179 silly currentTree +-- is-typedarray@1.0.0
179 silly currentTree +-- is-utf8@0.2.1
179 silly currentTree +-- isarray@1.0.0
179 silly currentTree +-- isstream@0.1.2
179 silly currentTree +-- jade@1.11.0
179 silly currentTree +-- js-yaml@2.0.5
179 silly currentTree +-- jsbn@0.1.1
179 silly currentTree +-- json-schema-traverse@0.3.1
179 silly currentTree +-- json-schema@0.2.3
179 silly currentTree +-- json-stringify-safe@5.0.1
179 silly currentTree +-- jsonparse@1.3.1
179 silly currentTree +-- JSONStream@1.3.2
179 silly currentTree +-- jsonwebtoken@5.7.0
179 silly currentTree | `-- ms@0.7.3
179 silly currentTree +-- jsprim@1.4.1
179 silly currentTree +-- jstransformer@0.0.2
179 silly currentTree +-- jwa@1.1.5
179 silly currentTree +-- jws@3.1.4
179 silly currentTree +-- kareem@1.5.0
179 silly currentTree +-- kind-of@3.2.2
179 silly currentTree +-- lazy-cache@1.0.4
179 silly currentTree +-- load-grunt-tasks@3.5.2
179 silly currentTree +-- load-json-file@1.1.0
179 silly currentTree | `-- graceful-fs@4.1.11
179 silly currentTree +-- lodash.clonedeep@4.5.0
179 silly currentTree +-- lodash.get@4.4.2
179 silly currentTree +-- lodash.set@4.3.2
179 silly currentTree +-- lodash@4.17.5
179 silly currentTree +-- longest@1.0.1
179 silly currentTree +-- loud-rejection@1.6.0
179 silly currentTree +-- lru-cache@2.7.3
179 silly currentTree +-- map-obj@1.0.1
179 silly currentTree +-- maxmin@1.1.0
179 silly currentTree +-- md5-file@3.2.3
179 silly currentTree +-- media-typer@0.3.0
179 silly currentTree +-- meow@3.7.0
179 silly currentTree | `-- minimist@1.2.0
179 silly currentTree +-- merge-descriptors@1.0.1
179 silly currentTree +-- method-override@2.3.10
179 silly currentTree +-- methods@1.1.2
179 silly currentTree +-- mime-db@1.33.0
179 silly currentTree +-- mime-types@2.1.18
179 silly currentTree +-- mime@1.4.1
179 silly currentTree +-- minimatch@3.0.4
179 silly currentTree +-- minimist@0.0.8
179 silly currentTree +-- mkdirp@0.5.1
179 silly currentTree +-- moment@2.22.1
179 silly currentTree +-- mongodb-core@2.1.18
179 silly currentTree +-- mongodb@2.2.34
179 silly currentTree +-- mongoose-simple-random@0.3.3
179 silly currentTree +-- mongoose@4.13.12
179 silly currentTree | `-- async@2.1.4
179 silly currentTree +-- morgan@1.9.0
179 silly currentTree +-- mpath@0.3.0
179 silly currentTree +-- mpromise@0.5.5
179 silly currentTree +-- mquery@2.3.3
179 silly currentTree | `-- sliced@0.0.5
179 silly currentTree +-- ms@2.0.0
179 silly currentTree +-- multer@1.3.0
179 silly currentTree | `-- object-assign@3.0.0
179 silly currentTree +-- multimatch@2.1.0
179 silly currentTree +-- muri@1.3.0
179 silly currentTree +-- negotiator@0.6.1
179 silly currentTree +-- nodemailer@4.6.4
179 silly currentTree +-- nopt@1.0.10
179 silly currentTree +-- noptify@0.0.3
179 silly currentTree | `-- nopt@2.0.0
179 silly currentTree +-- normalize-package-data@2.4.0
179 silly currentTree +-- number-is-nan@1.0.1
179 silly currentTree +-- oauth-sign@0.8.2
179 silly currentTree +-- object-assign@4.1.1
179 silly currentTree +-- on-finished@2.3.0
179 silly currentTree +-- on-headers@1.0.1
179 silly currentTree +-- once@1.4.0
179 silly currentTree +-- optimist@0.3.7
179 silly currentTree +-- pako@0.2.9
179 silly currentTree +-- parse-json@2.2.0
179 silly currentTree +-- parse-ms@1.0.1
179 silly currentTree +-- parseurl@1.3.2
179 silly currentTree +-- path-exists@2.1.0
179 silly currentTree +-- path-is-absolute@1.0.1
179 silly currentTree +-- path-to-regexp@0.1.7
179 silly currentTree +-- path-type@1.1.0
179 silly currentTree | `-- graceful-fs@4.1.11
179 silly currentTree +-- performance-now@2.1.0
179 silly currentTree +-- pify@2.3.0
179 silly currentTree +-- pinkie-promise@2.0.1
179 silly currentTree +-- pinkie@2.0.4
179 silly currentTree +-- pkg-up@1.0.0
179 silly currentTree +-- plur@1.0.0
179 silly currentTree +-- pretty-bytes@1.0.4
179 silly currentTree +-- pretty-ms@2.1.0
179 silly currentTree +-- process-nextick-args@1.0.7
179 silly currentTree +-- promise@6.1.0
179 silly currentTree +-- proxy-addr@2.0.3
179 silly currentTree +-- punycode@1.4.1
179 silly currentTree +-- qs@6.5.1
179 silly currentTree +-- range-parser@1.2.0
179 silly currentTree +-- raw-body@2.3.2
179 silly currentTree | +-- depd@1.1.1
179 silly currentTree | +-- http-errors@1.6.2
179 silly currentTree | `-- setprototypeof@1.0.3
179 silly currentTree +-- read-pkg-up@1.0.1
179 silly currentTree +-- read-pkg@1.1.0
179 silly currentTree +-- readable-stream@2.2.7
179 silly currentTree +-- redent@1.0.0
179 silly currentTree +-- regexp-clone@0.0.1
179 silly currentTree +-- repeat-string@1.6.1
179 silly currentTree +-- repeating@2.0.1
179 silly currentTree +-- request@2.85.0
179 silly currentTree +-- require_optional@1.0.1
179 silly currentTree +-- resolve-from@2.0.0
179 silly currentTree +-- resolve-pkg@0.1.0
179 silly currentTree +-- right-align@0.1.3
179 silly currentTree +-- rimraf@2.2.8
179 silly currentTree +-- safe-buffer@5.1.1
179 silly currentTree +-- semver@5.5.0
179 silly currentTree +-- send@0.16.2
179 silly currentTree | `-- statuses@1.4.0
179 silly currentTree +-- serve-favicon@2.5.0
179 silly currentTree | `-- ms@2.1.1
179 silly currentTree +-- serve-static@1.13.2
179 silly currentTree +-- setprototypeof@1.1.0
179 silly currentTree +-- sigmund@1.0.1
179 silly currentTree +-- signal-exit@3.0.2
179 silly currentTree +-- sliced@1.0.1
179 silly currentTree +-- sntp@2.1.0
179 silly currentTree +-- source-map@0.4.4
179 silly currentTree +-- spdx-correct@3.0.0
179 silly currentTree +-- spdx-exceptions@2.1.0
179 silly currentTree +-- spdx-expression-parse@3.0.0
179 silly currentTree +-- spdx-license-ids@3.0.0
179 silly currentTree +-- sshpk@1.14.1
179 silly currentTree +-- statuses@1.5.0
179 silly currentTree +-- streamsearch@0.1.2
179 silly currentTree +-- string_decoder@1.0.3
179 silly currentTree +-- stringstream@0.0.5
179 silly currentTree +-- strip-ansi@3.0.1
179 silly currentTree +-- strip-bom@2.0.0
179 silly currentTree +-- strip-indent@1.0.1
179 silly currentTree +-- supports-color@2.0.0
179 silly currentTree +-- text-table@0.2.0
179 silly currentTree +-- through@2.3.8
179 silly currentTree +-- time-grunt@1.4.0
179 silly currentTree +-- time-zone@0.1.0
179 silly currentTree +-- tiny-lr-fork@0.0.5
179 silly currentTree | +-- debug@0.7.4
179 silly currentTree | `-- qs@0.5.6
179 silly currentTree +-- tough-cookie@2.3.4
179 silly currentTree +-- transformers@2.1.0
179 silly currentTree | +-- is-promise@1.0.1
179 silly currentTree | +-- promise@2.0.0
179 silly currentTree | +-- source-map@0.1.43
179 silly currentTree | `-- uglify-js@2.2.5
179 silly currentTree +-- trim-newlines@1.0.0
179 silly currentTree +-- tunnel-agent@0.6.0
179 silly currentTree +-- tweetnacl@0.14.5
179 silly currentTree +-- type-is@1.6.16
179 silly currentTree +-- typedarray@0.0.6
179 silly currentTree +-- uglify-js@2.8.29
179 silly currentTree | `-- source-map@0.5.7
179 silly currentTree +-- uglify-to-browserify@1.0.2
179 silly currentTree +-- underscore.string@2.2.1
179 silly currentTree +-- underscore@1.7.0
179 silly currentTree +-- unpipe@1.0.0
179 silly currentTree +-- uri-path@0.0.2
179 silly currentTree +-- util-deprecate@1.0.2
179 silly currentTree +-- utils-merge@1.0.1
179 silly currentTree +-- uuid@3.2.1
179 silly currentTree +-- validate-npm-package-license@3.0.3
179 silly currentTree +-- vary@1.1.2
179 silly currentTree +-- verror@1.10.0
179 silly currentTree +-- void-elements@2.0.1
179 silly currentTree +-- which@1.0.9
179 silly currentTree +-- window-size@0.1.0
179 silly currentTree +-- with@4.0.3
179 silly currentTree | `-- acorn@1.2.2
179 silly currentTree +-- wordwrap@0.0.3
179 silly currentTree +-- wrappy@1.0.2
179 silly currentTree +-- xtend@4.0.1
179 silly currentTree `-- yargs@3.10.0
180 silly idealTree sweetProject@1.0.0
180 silly idealTree +-- abbrev@1.1.1
180 silly idealTree +-- accepts@1.3.5
180 silly idealTree +-- acorn-globals@1.0.9
180 silly idealTree +-- acorn@2.7.0
180 silly idealTree +-- ajv@5.5.2
180 silly idealTree +-- align-text@0.1.4
180 silly idealTree +-- amdefine@1.0.1
180 silly idealTree +-- ansi-regex@2.1.1
180 silly idealTree +-- ansi-styles@2.2.1
180 silly idealTree +-- append-field@0.1.0
180 silly idealTree +-- argparse@0.1.16
180 silly idealTree | `-- underscore.string@2.4.0
180 silly idealTree +-- array-differ@1.0.0
180 silly idealTree +-- array-find-index@1.0.2
180 silly idealTree +-- array-flatten@1.1.1
180 silly idealTree +-- array-union@1.0.2
180 silly idealTree +-- array-uniq@1.0.3
180 silly idealTree +-- arrify@1.0.1
180 silly idealTree +-- asap@1.0.0
180 silly idealTree +-- asn1@0.2.3
180 silly idealTree +-- assert-plus@1.0.0
180 silly idealTree +-- async@1.5.2
180 silly idealTree +-- asynckit@0.4.0
180 silly idealTree +-- aws-sign2@0.7.0
180 silly idealTree +-- aws4@1.7.0
180 silly idealTree +-- balanced-match@1.0.0
180 silly idealTree +-- base64url@2.0.0
180 silly idealTree +-- basic-auth@2.0.0
180 silly idealTree +-- bcrypt-nodejs@0.0.3
180 silly idealTree +-- bcrypt-pbkdf@1.0.1
180 silly idealTree +-- bcrypt@0.8.7
180 silly idealTree +-- bindings@1.2.1
180 silly idealTree +-- bluebird@3.5.0
180 silly idealTree +-- body-parser@1.18.2
180 silly idealTree +-- boom@4.3.1
180 silly idealTree +-- brace-expansion@1.1.11
180 silly idealTree +-- browserify-zlib@0.1.4
180 silly idealTree +-- bson@1.0.6
180 silly idealTree +-- buffer-alloc-unsafe@0.1.1
180 silly idealTree +-- buffer-alloc@1.1.0
180 silly idealTree +-- buffer-equal-constant-time@1.0.1
180 silly idealTree +-- buffer-fill@0.1.1
180 silly idealTree +-- buffer-from@1.0.0
180 silly idealTree +-- buffer-shims@1.0.0
180 silly idealTree +-- builtin-modules@1.1.1
180 silly idealTree +-- busboy@0.2.14
180 silly idealTree | +-- isarray@0.0.1
180 silly idealTree | +-- readable-stream@1.1.14
180 silly idealTree | `-- string_decoder@0.10.31
180 silly idealTree +-- bytes@3.0.0
180 silly idealTree +-- camelcase-keys@2.1.0
180 silly idealTree | `-- camelcase@2.1.1
180 silly idealTree +-- camelcase@1.2.1
180 silly idealTree +-- caseless@0.12.0
180 silly idealTree +-- center-align@0.1.3
180 silly idealTree +-- chalk@1.1.3
180 silly idealTree +-- character-parser@1.2.1
180 silly idealTree +-- clean-css@3.4.28
180 silly idealTree | `-- commander@2.8.1
180 silly idealTree +-- cliui@2.1.0
180 silly idealTree | `-- wordwrap@0.0.2
180 silly idealTree +-- co@4.6.0
180 silly idealTree +-- coffee-script@1.3.3
180 silly idealTree +-- colors@0.6.2
180 silly idealTree +-- combined-stream@1.0.6
180 silly idealTree +-- commander@2.6.0
180 silly idealTree +-- compressible@2.0.13
180 silly idealTree +-- compression@1.7.2
180 silly idealTree +-- concat-map@0.0.1
180 silly idealTree +-- concat-stream@1.6.2
180 silly idealTree +-- constantinople@3.0.2
180 silly idealTree +-- content-disposition@0.5.2
180 silly idealTree +-- content-type@1.0.4
180 silly idealTree +-- cookie-parser@1.4.3
180 silly idealTree +-- cookie-signature@1.0.6
180 silly idealTree +-- cookie@0.3.1
180 silly idealTree +-- core-util-is@1.0.2
180 silly idealTree +-- cors@2.8.4
180 silly idealTree +-- cryptiles@3.1.2
180 silly idealTree | `-- boom@5.2.0
180 silly idealTree +-- css-parse@1.0.4
180 silly idealTree +-- css-stringify@1.0.5
180 silly idealTree +-- css-toggle-switch@4.1.0
180 silly idealTree +-- css@1.0.8
180 silly idealTree +-- currently-unhandled@0.4.1
180 silly idealTree +-- dashdash@1.14.1
180 silly idealTree +-- data-seeder@1.0.3
180 silly idealTree +-- date-time@1.1.0
180 silly idealTree +-- dateformat@1.0.2-1.2.3
180 silly idealTree +-- debug@2.6.9
180 silly idealTree +-- decamelize@1.2.0
180 silly idealTree +-- delayed-stream@1.0.0
180 silly idealTree +-- depd@1.1.2
180 silly idealTree +-- destroy@1.0.4
180 silly idealTree +-- dicer@0.2.5
180 silly idealTree | +-- isarray@0.0.1
180 silly idealTree | +-- readable-stream@1.1.14
180 silly idealTree | `-- string_decoder@0.10.31
180 silly idealTree +-- ecc-jsbn@0.1.1
180 silly idealTree +-- ecdsa-sig-formatter@1.0.9
180 silly idealTree +-- ee-first@1.1.1
180 silly idealTree +-- encodeurl@1.0.2
180 silly idealTree +-- error-ex@1.3.1
180 silly idealTree +-- es6-promise@3.2.1
180 silly idealTree +-- escape-html@1.0.3
180 silly idealTree +-- escape-string-regexp@1.0.5
180 silly idealTree +-- esprima@1.0.4
180 silly idealTree +-- etag@1.8.1
180 silly idealTree +-- eventemitter2@0.4.14
180 silly idealTree +-- exit@0.1.2
180 silly idealTree +-- express-jwt@3.4.0
180 silly idealTree +-- express-unless@0.3.1
180 silly idealTree +-- express@4.16.3
180 silly idealTree | `-- statuses@1.4.0
180 silly idealTree +-- extend@3.0.1
180 silly idealTree +-- extsprintf@1.3.0
180 silly idealTree +-- fast-deep-equal@1.1.0
180 silly idealTree +-- fast-json-stable-stringify@2.0.0
180 silly idealTree +-- faye-websocket@0.4.4
180 silly idealTree +-- figures@1.7.0
180 silly idealTree +-- file-sync-cmp@0.1.1
180 silly idealTree +-- finalhandler@1.1.1
180 silly idealTree | `-- statuses@1.4.0
180 silly idealTree +-- find-up@1.1.2
180 silly idealTree +-- findup-sync@0.1.3
180 silly idealTree | +-- glob@3.2.11
180 silly idealTree | +-- lodash@2.4.2
180 silly idealTree | `-- minimatch@0.3.0
180 silly idealTree +-- flushwritable@1.0.0
180 silly idealTree +-- forever-agent@0.6.1
180 silly idealTree +-- form-data@2.3.2
180 silly idealTree +-- formidable@1.2.1
180 silly idealTree +-- forwarded@0.1.2
180 silly idealTree +-- fresh@0.5.2
180 silly idealTree +-- fs@0.0.2
180 silly idealTree +-- gaze@0.5.2
180 silly idealTree +-- get-stdin@4.0.1
180 silly idealTree +-- getobject@0.1.0
180 silly idealTree +-- getpass@0.1.7
180 silly idealTree +-- glob@5.0.15
180 silly idealTree +-- globule@0.1.0
180 silly idealTree | +-- glob@3.1.21
180 silly idealTree | +-- inherits@1.0.2
180 silly idealTree | +-- lodash@1.0.2
180 silly idealTree | `-- minimatch@0.2.14
180 silly idealTree +-- graceful-fs@1.2.3
180 silly idealTree +-- graceful-readlink@1.0.1
180 silly idealTree +-- gridfs-stream@1.1.1
180 silly idealTree +-- grunt-contrib-copy@0.8.2
180 silly idealTree +-- grunt-contrib-cssmin@0.13.0
180 silly idealTree | +-- clean-css@3.3.10
180 silly idealTree | `-- commander@2.8.1
180 silly idealTree +-- grunt-contrib-uglify@0.9.2
180 silly idealTree | `-- lodash@3.10.1
180 silly idealTree +-- grunt-contrib-watch@0.6.1
180 silly idealTree | +-- async@0.2.10
180 silly idealTree | `-- lodash@2.4.2
180 silly idealTree +-- grunt-develop@0.4.0
180 silly idealTree +-- grunt-legacy-log-utils@0.1.1
180 silly idealTree | +-- lodash@2.4.2
180 silly idealTree | `-- underscore.string@2.3.3
180 silly idealTree +-- grunt-legacy-log@0.1.3
180 silly idealTree | +-- lodash@2.4.2
180 silly idealTree | `-- underscore.string@2.3.3
180 silly idealTree +-- grunt-legacy-util@0.2.0
180 silly idealTree | +-- async@0.1.22
180 silly idealTree | `-- lodash@0.9.2
180 silly idealTree +-- grunt-processhtml@0.3.13
180 silly idealTree | `-- async@0.9.2
180 silly idealTree +-- grunt@0.4.5
180 silly idealTree | +-- async@0.1.22
180 silly idealTree | +-- glob@3.1.21
180 silly idealTree | +-- iconv-lite@0.2.11
180 silly idealTree | +-- inherits@1.0.2
180 silly idealTree | +-- lodash@0.9.2
180 silly idealTree | `-- minimatch@0.2.14
180 silly idealTree +-- gzip-size@1.0.0
180 silly idealTree +-- har-schema@2.0.0
180 silly idealTree +-- har-validator@5.0.3
180 silly idealTree +-- has-ansi@2.0.0
180 silly idealTree +-- hawk@6.0.2
180 silly idealTree +-- hoek@4.2.1
180 silly idealTree +-- hooker@0.2.3
180 silly idealTree +-- hooks-fixed@2.0.2
180 silly idealTree +-- hosted-git-info@2.6.0
180 silly idealTree +-- htmlprocessor@0.2.3
180 silly idealTree | `-- lodash@2.4.2
180 silly idealTree +-- http-errors@1.6.3
180 silly idealTree +-- http-signature@1.2.0
180 silly idealTree +-- iconv-lite@0.4.19
180 silly idealTree +-- indent-string@2.1.0
180 silly idealTree +-- inflight@1.0.6
180 silly idealTree +-- inherits@2.0.3
180 silly idealTree +-- ipaddr.js@1.6.0
180 silly idealTree +-- is-arrayish@0.2.1
180 silly idealTree +-- is-buffer@1.1.6
180 silly idealTree +-- is-builtin-module@1.0.0
180 silly idealTree +-- is-finite@1.0.2
180 silly idealTree +-- is-promise@2.1.0
180 silly idealTree +-- is-typedarray@1.0.0
180 silly idealTree +-- is-utf8@0.2.1
180 silly idealTree +-- isarray@1.0.0
180 silly idealTree +-- isstream@0.1.2
180 silly idealTree +-- jade@1.11.0
180 silly idealTree +-- js-yaml@2.0.5
180 silly idealTree +-- jsbn@0.1.1
180 silly idealTree +-- json-schema-traverse@0.3.1
180 silly idealTree +-- json-schema@0.2.3
180 silly idealTree +-- json-stringify-safe@5.0.1
180 silly idealTree +-- jsonparse@1.3.1
180 silly idealTree +-- JSONStream@1.3.2
180 silly idealTree +-- jsonwebtoken@5.7.0
180 silly idealTree | `-- ms@0.7.3
180 silly idealTree +-- jsprim@1.4.1
180 silly idealTree +-- jstransformer@0.0.2
180 silly idealTree +-- jwa@1.1.5
180 silly idealTree +-- jws@3.1.4
180 silly idealTree +-- kareem@1.5.0
180 silly idealTree +-- kind-of@3.2.2
180 silly idealTree +-- lazy-cache@1.0.4
180 silly idealTree +-- load-grunt-tasks@3.5.2
180 silly idealTree +-- load-json-file@1.1.0
180 silly idealTree | `-- graceful-fs@4.1.11
180 silly idealTree +-- lodash.clonedeep@4.5.0
180 silly idealTree +-- lodash.get@4.4.2
180 silly idealTree +-- lodash.set@4.3.2
180 silly idealTree +-- lodash@4.17.5
180 silly idealTree +-- longest@1.0.1
180 silly idealTree +-- loud-rejection@1.6.0
180 silly idealTree +-- lru-cache@2.7.3
180 silly idealTree +-- map-obj@1.0.1
180 silly idealTree +-- maxmin@1.1.0
180 silly idealTree +-- md5-file@3.2.3
180 silly idealTree +-- media-typer@0.3.0
180 silly idealTree +-- meow@3.7.0
180 silly idealTree | `-- minimist@1.2.0
180 silly idealTree +-- merge-descriptors@1.0.1
180 silly idealTree +-- method-override@2.3.10
180 silly idealTree +-- methods@1.1.2
180 silly idealTree +-- mime-db@1.33.0
180 silly idealTree +-- mime-types@2.1.18
180 silly idealTree +-- mime@1.4.1
180 silly idealTree +-- minimatch@3.0.4
180 silly idealTree +-- minimist@0.0.8
180 silly idealTree +-- mkdirp@0.5.1
180 silly idealTree +-- moment@2.22.1
180 silly idealTree +-- mongodb-core@2.1.18
180 silly idealTree +-- mongodb@2.2.34
180 silly idealTree +-- mongoose-simple-random@0.3.3
180 silly idealTree +-- mongoose@4.13.12
180 silly idealTree | `-- async@2.1.4
180 silly idealTree +-- morgan@1.9.0
180 silly idealTree +-- mpath@0.3.0
180 silly idealTree +-- mpromise@0.5.5
180 silly idealTree +-- mquery@2.3.3
180 silly idealTree | `-- sliced@0.0.5
180 silly idealTree +-- ms@2.0.0
180 silly idealTree +-- multer-gridfs-storage@1.0.0
180 silly idealTree +-- multer@1.3.0
180 silly idealTree | `-- object-assign@3.0.0
180 silly idealTree +-- multimatch@2.1.0
180 silly idealTree +-- muri@1.3.0
180 silly idealTree +-- nan@2.3.5
180 silly idealTree +-- negotiator@0.6.1
180 silly idealTree +-- nodemailer@4.6.4
180 silly idealTree +-- nopt@1.0.10
180 silly idealTree +-- noptify@0.0.3
180 silly idealTree | `-- nopt@2.0.0
180 silly idealTree +-- normalize-package-data@2.4.0
180 silly idealTree +-- number-is-nan@1.0.1
180 silly idealTree +-- oauth-sign@0.8.2
180 silly idealTree +-- object-assign@4.1.1
180 silly idealTree +-- on-finished@2.3.0
180 silly idealTree +-- on-headers@1.0.1
180 silly idealTree +-- once@1.4.0
180 silly idealTree +-- optimist@0.3.7
180 silly idealTree +-- pako@0.2.9
180 silly idealTree +-- parse-json@2.2.0
180 silly idealTree +-- parse-ms@1.0.1
180 silly idealTree +-- parseurl@1.3.2
180 silly idealTree +-- path-exists@2.1.0
180 silly idealTree +-- path-is-absolute@1.0.1
180 silly idealTree +-- path-to-regexp@0.1.7
180 silly idealTree +-- path-type@1.1.0
180 silly idealTree | `-- graceful-fs@4.1.11
180 silly idealTree +-- performance-now@2.1.0
180 silly idealTree +-- pify@2.3.0
180 silly idealTree +-- pinkie-promise@2.0.1
180 silly idealTree +-- pinkie@2.0.4
180 silly idealTree +-- pkg-up@1.0.0
180 silly idealTree +-- plur@1.0.0
180 silly idealTree +-- pretty-bytes@1.0.4
180 silly idealTree +-- pretty-ms@2.1.0
180 silly idealTree +-- process-nextick-args@1.0.7
180 silly idealTree +-- promise@6.1.0
180 silly idealTree +-- proxy-addr@2.0.3
180 silly idealTree +-- punycode@1.4.1
180 silly idealTree +-- qs@6.5.1
180 silly idealTree +-- range-parser@1.2.0
180 silly idealTree +-- raw-body@2.3.2
180 silly idealTree | +-- depd@1.1.1
180 silly idealTree | +-- http-errors@1.6.2
180 silly idealTree | `-- setprototypeof@1.0.3
180 silly idealTree +-- read-pkg-up@1.0.1
180 silly idealTree +-- read-pkg@1.1.0
180 silly idealTree +-- readable-stream@2.2.7
180 silly idealTree +-- redent@1.0.0
180 silly idealTree +-- regexp-clone@0.0.1
180 silly idealTree +-- repeat-string@1.6.1
180 silly idealTree +-- repeating@2.0.1
180 silly idealTree +-- request@2.85.0
180 silly idealTree +-- require_optional@1.0.1
180 silly idealTree +-- resolve-from@2.0.0
180 silly idealTree +-- resolve-pkg@0.1.0
180 silly idealTree +-- right-align@0.1.3
180 silly idealTree +-- rimraf@2.2.8
180 silly idealTree +-- safe-buffer@5.1.1
180 silly idealTree +-- semver@5.5.0
180 silly idealTree +-- send@0.16.2
180 silly idealTree | `-- statuses@1.4.0
180 silly idealTree +-- serve-favicon@2.5.0
180 silly idealTree | `-- ms@2.1.1
180 silly idealTree +-- serve-static@1.13.2
180 silly idealTree +-- setprototypeof@1.1.0
180 silly idealTree +-- sigmund@1.0.1
180 silly idealTree +-- signal-exit@3.0.2
180 silly idealTree +-- sliced@1.0.1
180 silly idealTree +-- sntp@2.1.0
180 silly idealTree +-- source-map@0.4.4
180 silly idealTree +-- spdx-correct@3.0.0
180 silly idealTree +-- spdx-exceptions@2.1.0
180 silly idealTree +-- spdx-expression-parse@3.0.0
180 silly idealTree +-- spdx-license-ids@3.0.0
180 silly idealTree +-- sshpk@1.14.1
180 silly idealTree +-- statuses@1.5.0
180 silly idealTree +-- streamsearch@0.1.2
180 silly idealTree +-- string_decoder@1.0.3
180 silly idealTree +-- stringstream@0.0.5
180 silly idealTree +-- strip-ansi@3.0.1
180 silly idealTree +-- strip-bom@2.0.0
180 silly idealTree +-- strip-indent@1.0.1
180 silly idealTree +-- supports-color@2.0.0
180 silly idealTree +-- text-table@0.2.0
180 silly idealTree +-- through@2.3.8
180 silly idealTree +-- time-grunt@1.4.0
180 silly idealTree +-- time-zone@0.1.0
180 silly idealTree +-- tiny-lr-fork@0.0.5
180 silly idealTree | +-- debug@0.7.4
180 silly idealTree | `-- qs@0.5.6
180 silly idealTree +-- tough-cookie@2.3.4
180 silly idealTree +-- transformers@2.1.0
180 silly idealTree | +-- is-promise@1.0.1
180 silly idealTree | +-- promise@2.0.0
180 silly idealTree | +-- source-map@0.1.43
180 silly idealTree | `-- uglify-js@2.2.5
180 silly idealTree +-- trim-newlines@1.0.0
180 silly idealTree +-- tunnel-agent@0.6.0
180 silly idealTree +-- tweetnacl@0.14.5
180 silly idealTree +-- type-is@1.6.16
180 silly idealTree +-- typedarray@0.0.6
180 silly idealTree +-- uglify-js@2.8.29
180 silly idealTree | `-- source-map@0.5.7
180 silly idealTree +-- uglify-to-browserify@1.0.2
180 silly idealTree +-- underscore.string@2.2.1
180 silly idealTree +-- underscore@1.7.0
180 silly idealTree +-- unpipe@1.0.0
180 silly idealTree +-- uri-path@0.0.2
180 silly idealTree +-- util-deprecate@1.0.2
180 silly idealTree +-- utils-merge@1.0.1
180 silly idealTree +-- uuid@3.2.1
180 silly idealTree +-- validate-npm-package-license@3.0.3
180 silly idealTree +-- vary@1.1.2
180 silly idealTree +-- verror@1.10.0
180 silly idealTree +-- void-elements@2.0.1
180 silly idealTree +-- which@1.0.9
180 silly idealTree +-- window-size@0.1.0
180 silly idealTree +-- with@4.0.3
180 silly idealTree | `-- acorn@1.2.2
180 silly idealTree +-- wordwrap@0.0.3
180 silly idealTree +-- wrappy@1.0.2
180 silly idealTree +-- xtend@4.0.1
180 silly idealTree `-- yargs@3.10.0
181 silly generateActionsToTake Starting
182 silly install generateActionsToTake
183 silly generateActionsToTake Finishing
184 silly diffTrees action count 4
185 silly diffTrees add bindings@1.2.1
186 silly diffTrees add nan@2.3.5
187 silly diffTrees add bcrypt@0.8.7
188 silly diffTrees add multer-gridfs-storage@1.0.0
189 silly decomposeActions action count 32
190 silly decomposeActions fetch bindings@1.2.1
191 silly decomposeActions extract bindings@1.2.1
192 silly decomposeActions test bindings@1.2.1
193 silly decomposeActions preinstall bindings@1.2.1
194 silly decomposeActions build bindings@1.2.1
195 silly decomposeActions install bindings@1.2.1
196 silly decomposeActions postinstall bindings@1.2.1
197 silly decomposeActions finalize bindings@1.2.1
198 silly decomposeActions fetch nan@2.3.5
199 silly decomposeActions extract nan@2.3.5
200 silly decomposeActions test nan@2.3.5
201 silly decomposeActions preinstall nan@2.3.5
202 silly decomposeActions build nan@2.3.5
203 silly decomposeActions install nan@2.3.5
204 silly decomposeActions postinstall nan@2.3.5
205 silly decomposeActions finalize nan@2.3.5
206 silly decomposeActions fetch bcrypt@0.8.7
207 silly decomposeActions extract bcrypt@0.8.7
208 silly decomposeActions test bcrypt@0.8.7
209 silly decomposeActions preinstall bcrypt@0.8.7
210 silly decomposeActions build bcrypt@0.8.7
211 silly decomposeActions install bcrypt@0.8.7
212 silly decomposeActions postinstall bcrypt@0.8.7
213 silly decomposeActions finalize bcrypt@0.8.7
214 silly decomposeActions fetch multer-gridfs-storage@1.0.0
215 silly decomposeActions extract multer-gridfs-storage@1.0.0
216 silly decomposeActions test multer-gridfs-storage@1.0.0
217 silly decomposeActions preinstall multer-gridfs-storage@1.0.0
218 silly decomposeActions build multer-gridfs-storage@1.0.0
219 silly decomposeActions install multer-gridfs-storage@1.0.0
220 silly decomposeActions postinstall multer-gridfs-storage@1.0.0
221 silly decomposeActions finalize multer-gridfs-storage@1.0.0
222 silly runTopLevelLifecycles Starting
223 silly install runPreinstallTopLevelLifecycles
224 silly preinstall sweetProject@1.0.0 F:\projects\LATEST MOBILE APP\sweetProject-480f7ec6
225 info lifecycle sweetProject@1.0.0~preinstall: sweetProject@1.0.0
226 silly lifecycle sweetProject@1.0.0~preinstall: no script for preinstall, continuing
227 silly executeActions Starting
228 silly install executeActions
229 silly doSerial global-install 0
230 silly doParallel fetch 4
231 verbose correctMkdir C:\Users\Pro\AppData\Roaming\npm-cache\_locks correctMkdir not in flight; initializing
232 verbose lock using C:\Users\Pro\AppData\Roaming\npm-cache\_locks\staging-6a65bca31fa3b791.lock for F:\projects\LATEST MOBILE APP\node_modules\.staging
233 silly doParallel extract 4
234 silly extract bindings@1.2.1
235 silly extract nan@2.3.5
236 silly extract bcrypt@0.8.7
237 silly extract multer-gridfs-storage@1.0.0
238 verbose unbuild node_modules\.staging\bindings-af350e71
239 verbose unbuild node_modules\.staging\bcrypt-ec4d42a7
240 verbose unbuild node_modules\.staging\nan-8e5f8a5a
241 verbose unbuild node_modules\.staging\multer-gridfs-storage-d5214223
242 silly gentlyRm F:\projects\LATEST MOBILE APP\node_modules\.staging\bindings-af350e71 is being purged from base F:\projects\LATEST MOBILE APP
243 verbose gentlyRm don't care about contents; nuking F:\projects\LATEST MOBILE APP\node_modules\.staging\bindings-af350e71
244 silly gentlyRm F:\projects\LATEST MOBILE APP\node_modules\.staging\bcrypt-ec4d42a7 is being purged from base F:\projects\LATEST MOBILE APP
245 verbose gentlyRm don't care about contents; nuking F:\projects\LATEST MOBILE APP\node_modules\.staging\bcrypt-ec4d42a7
246 silly gentlyRm F:\projects\LATEST MOBILE APP\node_modules\.staging\nan-8e5f8a5a is being purged from base F:\projects\LATEST MOBILE APP
247 verbose gentlyRm don't care about contents; nuking F:\projects\LATEST MOBILE APP\node_modules\.staging\nan-8e5f8a5a
248 silly gentlyRm F:\projects\LATEST MOBILE APP\node_modules\.staging\multer-gridfs-storage-d5214223 is being purged from base F:\projects\LATEST MOBILE APP
249 verbose gentlyRm don't care about contents; nuking F:\projects\LATEST MOBILE APP\node_modules\.staging\multer-gridfs-storage-d5214223
250 verbose tar unpack C:\Users\Pro\AppData\Roaming\npm-cache\bindings\1.2.1\package.tgz
251 verbose tar unpacking to F:\projects\LATEST MOBILE APP\node_modules\.staging\bindings-af350e71
252 silly gentlyRm F:\projects\LATEST MOBILE APP\node_modules\.staging\bindings-af350e71 is being purged
253 verbose gentlyRm don't care about contents; nuking F:\projects\LATEST MOBILE APP\node_modules\.staging\bindings-af350e71
254 verbose tar unpack C:\Users\Pro\AppData\Roaming\npm-cache\bcrypt\0.8.7\package.tgz
255 verbose tar unpacking to F:\projects\LATEST MOBILE APP\node_modules\.staging\bcrypt-ec4d42a7
256 silly gentlyRm F:\projects\LATEST MOBILE APP\node_modules\.staging\bcrypt-ec4d42a7 is being purged
257 verbose gentlyRm don't care about contents; nuking F:\projects\LATEST MOBILE APP\node_modules\.staging\bcrypt-ec4d42a7
258 verbose tar unpack C:\Users\Pro\AppData\Roaming\npm-cache\nan\2.3.5\package.tgz
259 verbose tar unpacking to F:\projects\LATEST MOBILE APP\node_modules\.staging\nan-8e5f8a5a
260 silly gentlyRm F:\projects\LATEST MOBILE APP\node_modules\.staging\nan-8e5f8a5a is being purged
261 verbose gentlyRm don't care about contents; nuking F:\projects\LATEST MOBILE APP\node_modules\.staging\nan-8e5f8a5a
262 verbose tar unpack C:\Users\Pro\AppData\Roaming\npm-cache\multer-gridfs-storage\1.0.0\package.tgz
263 verbose tar unpacking to F:\projects\LATEST MOBILE APP\node_modules\.staging\multer-gridfs-storage-d5214223
264 silly gentlyRm F:\projects\LATEST MOBILE APP\node_modules\.staging\multer-gridfs-storage-d5214223 is being purged
265 verbose gentlyRm don't care about contents; nuking F:\projects\LATEST MOBILE APP\node_modules\.staging\multer-gridfs-storage-d5214223
266 silly gunzTarPerm modes [ '777', '666' ]
267 silly gunzTarPerm modes [ '777', '666' ]
268 silly gunzTarPerm modes [ '777', '666' ]
269 silly gunzTarPerm modes [ '777', '666' ]
270 silly gunzTarPerm extractEntry package.json
271 silly gunzTarPerm modified mode [ 'package.json', 420, 438 ]
272 silly gunzTarPerm extractEntry package.json
273 silly gunzTarPerm modified mode [ 'package.json', 436, 438 ]
274 silly gunzTarPerm extractEntry package.json
275 silly gunzTarPerm modified mode [ 'package.json', 420, 438 ]
276 silly gunzTarPerm extractEntry package.json
277 silly gunzTarPerm extractEntry .npmignore
278 silly gunzTarPerm modified mode [ '.npmignore', 420, 438 ]
279 silly gunzTarPerm extractEntry README.md
280 silly gunzTarPerm modified mode [ 'README.md', 420, 438 ]
281 silly gunzTarPerm extractEntry README.md
282 silly gunzTarPerm modified mode [ 'README.md', 436, 438 ]
283 silly gunzTarPerm extractEntry include_dirs.js
284 silly gunzTarPerm modified mode [ 'include_dirs.js', 436, 438 ]
285 silly gunzTarPerm extractEntry README.md
286 silly gunzTarPerm extractEntry LICENSE
287 silly gunzTarPerm extractEntry index.js
288 silly gunzTarPerm extractEntry lib/gridfs.js
289 silly gunzTarPerm extractEntry lib/storage.js
290 silly gunzTarPerm extractEntry README.md
291 silly gunzTarPerm modified mode [ 'README.md', 420, 438 ]
292 silly gunzTarPerm extractEntry bindings.js
293 silly gunzTarPerm modified mode [ 'bindings.js', 420, 438 ]
294 silly gunzTarPerm extractEntry LICENSE
295 silly gunzTarPerm modified mode [ 'LICENSE', 420, 438 ]
296 silly gunzTarPerm extractEntry bcrypt.js
297 silly gunzTarPerm modified mode [ 'bcrypt.js', 420, 438 ]
298 silly gunzTarPerm extractEntry Makefile
299 silly gunzTarPerm modified mode [ 'Makefile', 420, 438 ]
300 silly gunzTarPerm extractEntry .travis.yml
301 silly gunzTarPerm modified mode [ '.travis.yml', 420, 438 ]
302 silly gunzTarPerm extractEntry CHANGELOG.md
303 silly gunzTarPerm modified mode [ 'CHANGELOG.md', 420, 438 ]
304 silly gunzTarPerm extractEntry binding.gyp
305 silly gunzTarPerm modified mode [ 'binding.gyp', 420, 438 ]
306 silly gunzTarPerm extractEntry examples/async_compare.js
307 silly gunzTarPerm modified mode [ 'examples/async_compare.js', 420, 438 ]
308 silly gunzTarPerm extractEntry examples/forever_gen_salt.js
309 silly gunzTarPerm modified mode [ 'examples/forever_gen_salt.js', 420, 438 ]
310 silly gunzTarPerm extractEntry test/async.js
311 silly gunzTarPerm modified mode [ 'test/async.js', 420, 438 ]
312 silly gunzTarPerm extractEntry test/repetitions.js
313 silly gunzTarPerm modified mode [ 'test/repetitions.js', 420, 438 ]
314 silly gunzTarPerm extractEntry test/sync.js
315 silly gunzTarPerm modified mode [ 'test/sync.js', 420, 438 ]
316 silly gunzTarPerm extractEntry ISSUE_TEMPLATE.md
317 silly gunzTarPerm modified mode [ 'ISSUE_TEMPLATE.md', 420, 438 ]
318 silly gunzTarPerm extractEntry src/bcrypt.cc
319 silly gunzTarPerm modified mode [ 'src/bcrypt.cc', 420, 438 ]
320 silly gunzTarPerm extractEntry src/bcrypt_node.cc
321 silly gunzTarPerm modified mode [ 'src/bcrypt_node.cc', 420, 438 ]
322 silly gunzTarPerm extractEntry src/blowfish.cc
323 silly gunzTarPerm modified mode [ 'src/blowfish.cc', 420, 438 ]
324 silly gunzTarPerm extractEntry src/node_blf.h
325 silly gunzTarPerm modified mode [ 'src/node_blf.h', 420, 438 ]
326 silly gunzTarPerm extractEntry werker.yml
327 silly gunzTarPerm modified mode [ 'werker.yml', 420, 438 ]
328 silly gunzTarPerm extractEntry nan_converters.h
329 silly gunzTarPerm modified mode [ 'nan_converters.h', 436, 438 ]
330 silly gunzTarPerm extractEntry LICENSE.md
331 silly gunzTarPerm modified mode [ 'LICENSE.md', 436, 438 ]
332 silly gunzTarPerm extractEntry doc/node_misc.md
333 silly gunzTarPerm modified mode [ 'doc/node_misc.md', 436, 438 ]
334 silly gunzTarPerm extractEntry doc/asyncworker.md
335 silly gunzTarPerm modified mode [ 'doc/asyncworker.md', 436, 438 ]
336 silly gunzTarPerm extractEntry doc/callback.md
337 silly gunzTarPerm modified mode [ 'doc/callback.md', 436, 438 ]
338 silly gunzTarPerm extractEntry doc/converters.md
339 silly gunzTarPerm modified mode [ 'doc/converters.md', 436, 438 ]
340 silly gunzTarPerm extractEntry doc/errors.md
341 silly gunzTarPerm modified mode [ 'doc/errors.md', 436, 438 ]
342 silly gunzTarPerm extractEntry doc/maybe_types.md
343 silly gunzTarPerm modified mode [ 'doc/maybe_types.md', 436, 438 ]
344 silly gentlyRm F:\projects\LATEST MOBILE APP\node_modules\.staging\bindings-af350e71\node_modules is being purged
345 verbose gentlyRm don't care about contents; nuking F:\projects\LATEST MOBILE APP\node_modules\.staging\bindings-af350e71\node_modules
346 silly gunzTarPerm extractEntry doc/methods.md
347 silly gunzTarPerm modified mode [ 'doc/methods.md', 436, 438 ]
348 silly gunzTarPerm extractEntry doc/new.md
349 silly gunzTarPerm modified mode [ 'doc/new.md', 436, 438 ]
350 silly gunzTarPerm extractEntry doc/buffers.md
351 silly gunzTarPerm modified mode [ 'doc/buffers.md', 436, 438 ]
352 silly gunzTarPerm extractEntry doc/object_wrappers.md
353 silly gunzTarPerm modified mode [ 'doc/object_wrappers.md', 436, 438 ]
354 silly gunzTarPerm extractEntry doc/persistent.md
355 silly gunzTarPerm modified mode [ 'doc/persistent.md', 436, 438 ]
356 silly gunzTarPerm extractEntry doc/scopes.md
357 silly gunzTarPerm modified mode [ 'doc/scopes.md', 436, 438 ]
358 silly gentlyRm F:\projects\LATEST MOBILE APP\node_modules\.staging\multer-gridfs-storage-d5214223\node_modules is being purged
359 verbose gentlyRm don't care about contents; nuking F:\projects\LATEST MOBILE APP\node_modules\.staging\multer-gridfs-storage-d5214223\node_modules
360 silly gunzTarPerm extractEntry doc/script.md
361 silly gunzTarPerm modified mode [ 'doc/script.md', 436, 438 ]
362 silly gunzTarPerm extractEntry doc/string_bytes.md
363 silly gunzTarPerm modified mode [ 'doc/string_bytes.md', 436, 438 ]
364 silly gunzTarPerm extractEntry doc/v8_internals.md
365 silly gunzTarPerm modified mode [ 'doc/v8_internals.md', 436, 438 ]
366 silly gunzTarPerm extractEntry doc/v8_misc.md
367 silly gunzTarPerm modified mode [ 'doc/v8_misc.md', 436, 438 ]
368 silly gunzTarPerm extractEntry nan.h
369 silly gunzTarPerm modified mode [ 'nan.h', 436, 438 ]
370 silly gunzTarPerm extractEntry nan_callbacks.h
371 silly gunzTarPerm modified mode [ 'nan_callbacks.h', 436, 438 ]
372 silly gunzTarPerm extractEntry nan_callbacks_12_inl.h
373 silly gunzTarPerm modified mode [ 'nan_callbacks_12_inl.h', 436, 438 ]
374 silly gunzTarPerm extractEntry nan_callbacks_pre_12_inl.h
375 silly gunzTarPerm modified mode [ 'nan_callbacks_pre_12_inl.h', 436, 438 ]
376 silly gunzTarPerm extractEntry nan_converters_43_inl.h
377 silly gunzTarPerm modified mode [ 'nan_converters_43_inl.h', 436, 438 ]
378 silly gunzTarPerm extractEntry nan_converters_pre_43_inl.h
379 silly gunzTarPerm modified mode [ 'nan_converters_pre_43_inl.h', 436, 438 ]
380 silly gunzTarPerm extractEntry nan_implementation_12_inl.h
381 silly gunzTarPerm modified mode [ 'nan_implementation_12_inl.h', 436, 438 ]
382 silly gunzTarPerm extractEntry nan_implementation_pre_12_inl.h
383 silly gunzTarPerm modified mode [ 'nan_implementation_pre_12_inl.h', 436, 438 ]
384 silly gunzTarPerm extractEntry nan_maybe_43_inl.h
385 silly gunzTarPerm modified mode [ 'nan_maybe_43_inl.h', 436, 438 ]
386 silly gunzTarPerm extractEntry nan_maybe_pre_43_inl.h
387 silly gunzTarPerm modified mode [ 'nan_maybe_pre_43_inl.h', 436, 438 ]
388 silly gunzTarPerm extractEntry nan_new.h
389 silly gunzTarPerm modified mode [ 'nan_new.h', 436, 438 ]
390 silly gunzTarPerm extractEntry nan_object_wrap.h
391 silly gunzTarPerm modified mode [ 'nan_object_wrap.h', 436, 438 ]
392 silly gunzTarPerm extractEntry nan_persistent_12_inl.h
393 silly gunzTarPerm modified mode [ 'nan_persistent_12_inl.h', 436, 438 ]
394 silly gunzTarPerm extractEntry nan_persistent_pre_12_inl.h
395 silly gunzTarPerm modified mode [ 'nan_persistent_pre_12_inl.h', 436, 438 ]
396 silly gunzTarPerm extractEntry nan_string_bytes.h
397 silly gunzTarPerm modified mode [ 'nan_string_bytes.h', 436, 438 ]
398 silly gunzTarPerm extractEntry nan_typedarray_contents.h
399 silly gunzTarPerm modified mode [ 'nan_typedarray_contents.h', 436, 438 ]
400 silly gunzTarPerm extractEntry nan_weak.h
401 silly gunzTarPerm modified mode [ 'nan_weak.h', 436, 438 ]
402 silly gunzTarPerm extractEntry CHANGELOG.md
403 silly gunzTarPerm modified mode [ 'CHANGELOG.md', 436, 438 ]
404 silly gunzTarPerm extractEntry tools/package.json
405 silly gunzTarPerm modified mode [ 'tools/package.json', 436, 438 ]
406 silly gunzTarPerm extractEntry tools/README.md
407 silly gunzTarPerm modified mode [ 'tools/README.md', 436, 438 ]
408 silly gunzTarPerm extractEntry tools/1to2.js
409 silly gunzTarPerm modified mode [ 'tools/1to2.js', 509, 511 ]
410 silly gentlyRm F:\projects\LATEST MOBILE APP\node_modules\.staging\bcrypt-ec4d42a7\node_modules is being purged
411 verbose gentlyRm don't care about contents; nuking F:\projects\LATEST MOBILE APP\node_modules\.staging\bcrypt-ec4d42a7\node_modules
412 silly gentlyRm F:\projects\LATEST MOBILE APP\node_modules\.staging\nan-8e5f8a5a\node_modules is being purged
413 verbose gentlyRm don't care about contents; nuking F:\projects\LATEST MOBILE APP\node_modules\.staging\nan-8e5f8a5a\node_modules
414 silly doParallel preinstall 4
415 silly preinstall bindings@1.2.1 F:\projects\LATEST MOBILE APP\node_modules\.staging\bindings-af350e71
416 info lifecycle bindings@1.2.1~preinstall: bindings@1.2.1
417 silly preinstall nan@2.3.5 F:\projects\LATEST MOBILE APP\node_modules\.staging\nan-8e5f8a5a
418 info lifecycle nan@2.3.5~preinstall: nan@2.3.5
419 silly preinstall bcrypt@0.8.7 F:\projects\LATEST MOBILE APP\node_modules\.staging\bcrypt-ec4d42a7
420 info lifecycle bcrypt@0.8.7~preinstall: bcrypt@0.8.7
421 silly preinstall multer-gridfs-storage@1.0.0 F:\projects\LATEST MOBILE APP\node_modules\.staging\multer-gridfs-storage-d5214223
422 info lifecycle multer-gridfs-storage@1.0.0~preinstall: multer-gridfs-storage@1.0.0
423 silly lifecycle bindings@1.2.1~preinstall: no script for preinstall, continuing
424 silly lifecycle nan@2.3.5~preinstall: no script for preinstall, continuing
425 silly lifecycle bcrypt@0.8.7~preinstall: no script for preinstall, continuing
426 silly lifecycle multer-gridfs-storage@1.0.0~preinstall: no script for preinstall, continuing
427 silly doReverseSerial remove 0
428 silly doSerial move 0
429 silly doSerial finalize 4
430 silly finalize F:\projects\LATEST MOBILE APP\node_modules\bindings
431 silly finalize F:\projects\LATEST MOBILE APP\node_modules\nan
432 silly finalize F:\projects\LATEST MOBILE APP\node_modules\bcrypt
433 silly finalize F:\projects\LATEST MOBILE APP\node_modules\multer-gridfs-storage
434 silly doSerial build 4
435 silly build bindings@1.2.1
436 info linkStuff bindings@1.2.1
437 silly linkStuff bindings@1.2.1 has F:\projects\LATEST MOBILE APP\node_modules as its parent node_modules
438 verbose linkBins bindings@1.2.1
439 verbose linkMans bindings@1.2.1
440 silly build nan@2.3.5
441 info linkStuff nan@2.3.5
442 silly linkStuff nan@2.3.5 has F:\projects\LATEST MOBILE APP\node_modules as its parent node_modules
443 verbose linkBins nan@2.3.5
444 verbose linkMans nan@2.3.5
445 silly build bcrypt@0.8.7
446 info linkStuff bcrypt@0.8.7
447 silly linkStuff bcrypt@0.8.7 has F:\projects\LATEST MOBILE APP\node_modules as its parent node_modules
448 verbose linkBins bcrypt@0.8.7
449 verbose linkMans bcrypt@0.8.7
450 silly build multer-gridfs-storage@1.0.0
451 info linkStuff multer-gridfs-storage@1.0.0
452 silly linkStuff multer-gridfs-storage@1.0.0 has F:\projects\LATEST MOBILE APP\node_modules as its parent node_modules
453 verbose linkBins multer-gridfs-storage@1.0.0
454 verbose linkMans multer-gridfs-storage@1.0.0
455 silly doSerial global-link 0
456 silly doParallel update-linked 0
457 silly doSerial install 4
458 silly install bindings@1.2.1 F:\projects\LATEST MOBILE APP\node_modules\.staging\bindings-af350e71
459 info lifecycle bindings@1.2.1~install: bindings@1.2.1
460 silly lifecycle bindings@1.2.1~install: no script for install, continuing
461 silly install nan@2.3.5 F:\projects\LATEST MOBILE APP\node_modules\.staging\nan-8e5f8a5a
462 info lifecycle nan@2.3.5~install: nan@2.3.5
463 silly lifecycle nan@2.3.5~install: no script for install, continuing
464 silly install bcrypt@0.8.7 F:\projects\LATEST MOBILE APP\node_modules\.staging\bcrypt-ec4d42a7
465 info lifecycle bcrypt@0.8.7~install: bcrypt@0.8.7
466 verbose lifecycle bcrypt@0.8.7~install: unsafe-perm in lifecycle true
467 verbose lifecycle bcrypt@0.8.7~install: PATH: C:\Users\Pro\node_modules\npm\bin\node-gyp-bin;F:\projects\LATEST MOBILE APP\node_modules\bcrypt\node_modules\.bin;F:\projects\LATEST MOBILE APP\node_modules\.bin;C:\ProgramData\Oracle\Java\javapath;C:\Windows\system32;C:\Windows;C:\Windows\System32\Wbem;C:\Windows\System32\WindowsPowerShell\v1.0\;C:\Program Files\Git\cmd;C:\Users\Pro\;C:\Program Files\Java\jre1.8.0_151\bin;C:\Program Files\Java\jdk1.8.0_151\bin;C:\Users\Pro\AppData\Local\Android\Sdk;C:\Users\Pro\AppData\Roaming\npm;C:\Program Files\MongoDB\Server\3.4\bin;C:\Users\Pro\AppData\Local\Android\Sdk
468 verbose lifecycle bcrypt@0.8.7~install: CWD: F:\projects\LATEST MOBILE APP\node_modules\bcrypt
469 silly lifecycle bcrypt@0.8.7~install: Args: [ '/d /s /c', 'node-gyp rebuild' ]
470 silly lifecycle bcrypt@0.8.7~install: Returned: code: 1  signal: null
471 info lifecycle bcrypt@0.8.7~install: Failed to exec install script
472 verbose unlock done using C:\Users\Pro\AppData\Roaming\npm-cache\_locks\staging-6a65bca31fa3b791.lock for F:\projects\LATEST MOBILE APP\node_modules\.staging
473 silly rollbackFailedOptional Starting
474 silly rollbackFailedOptional Finishing
475 silly runTopLevelLifecycles Finishing
476 silly install printInstalled
477 warn sweetProject@1.0.0 No repository field.
478 verbose If you need help, you may report this error at:
478 verbose     <https://github.com/npm/npm/issues>
479 verbose stack Error: bcrypt@0.8.7 install: `node-gyp rebuild`
479 verbose stack Exit status 1
479 verbose stack     at EventEmitter.<anonymous> (C:\Users\Pro\node_modules\npm\lib\utils\lifecycle.js:255:16)
479 verbose stack     at emitTwo (events.js:106:13)
479 verbose stack     at EventEmitter.emit (events.js:191:7)
479 verbose stack     at ChildProcess.<anonymous> (C:\Users\Pro\node_modules\npm\lib\utils\spawn.js:40:14)
479 verbose stack     at emitTwo (events.js:106:13)
479 verbose stack     at ChildProcess.emit (events.js:191:7)
479 verbose stack     at maybeClose (internal/child_process.js:920:16)
479 verbose stack     at Process.ChildProcess._handle.onexit (internal/child_process.js:230:5)
480 verbose pkgid bcrypt@0.8.7
481 verbose cwd F:\projects\LATEST MOBILE APP
482 error Windows_NT 6.1.7601
483 error argv "C:\\Users\\Pro\\node.exe" "C:\\Users\\Pro\\node_modules\\npm\\bin\\npm-cli.js" "install"
484 error node v6.11.4
485 error npm  v3.10.10
486 error code ELIFECYCLE
487 error bcrypt@0.8.7 install: `node-gyp rebuild`
487 error Exit status 1
488 error Failed at the bcrypt@0.8.7 install script 'node-gyp rebuild'.
488 error Make sure you have the latest version of node.js and npm installed.
488 error If you do, this is most likely a problem with the bcrypt package,
488 error not with npm itself.
488 error Tell the author that this fails on your system:
488 error     node-gyp rebuild
488 error You can get information on how to open an issue for this project with:
488 error     npm bugs bcrypt
488 error Or if that isn't available, you can get their info via:
488 error     npm owner ls bcrypt
488 error There is likely additional logging output above.
489 verbose exit [ 1, true ]
